<?xml version="1.0" encoding="UTF-8"?>
<testsuite name="africa.jopen.sdk.events.JanusEventsFactoryTest" tests="1" skipped="0" failures="0" errors="0" timestamp="2024-02-03T09:27:29" hostname="KINSLEYKAJIVA" time="1.378">
  <properties/>
  <testcase name="processEvent256Test()" classname="africa.jopen.sdk.events.JanusEventsFactoryTest" time="1.378"/>
  <system-out><![CDATA[]]></system-out>
  <system-err><![CDATA[WARNING: A Java agent has been loaded dynamically (C:\Users\Kinsl\.gradle\caches\modules-2\files-2.1\net.bytebuddy\byte-buddy-agent\1.14.11\f9cb566608fbac6bc7bf54901a7aa11543a989ee\byte-buddy-agent-1.14.11.jar)
WARNING: If a serviceability tool is in use, please run with -XX:+EnableDynamicAgentLoading to hide this warning
WARNING: If a serviceability tool is not in use, please run with -Djdk.instrument.traceUsage for more information
WARNING: Dynamic loading of agents will be disallowed by default in a future release
]]></system-err>
</testsuite>
